  weapon.cpp
c:\users\dydwo\desktop\maptool\weapon.cpp(12): warning C4244: '인수': 'float'에서 'int'(으)로 변환하면서 데이터가 손실될 수 있습니다.
c:\users\dydwo\desktop\maptool\weapon.cpp(31): warning C4244: '인수': 'float'에서 'int'(으)로 변환하면서 데이터가 손실될 수 있습니다.
c:\users\dydwo\desktop\maptool\weapon.cpp(38): warning C4244: '인수': 'float'에서 'int'(으)로 변환하면서 데이터가 손실될 수 있습니다.
c:\users\dydwo\desktop\maptool\weapon.cpp(62): warning C4244: '인수': 'float'에서 'int'(으)로 변환하면서 데이터가 손실될 수 있습니다.
  player.cpp
c:\users\dydwo\desktop\maptool\player.h(107): warning C4244: '=': 'int'에서 'float'(으)로 변환하면서 데이터가 손실될 수 있습니다.
c:\users\dydwo\desktop\maptool\player.cpp(81): warning C4018: '<': signed 또는 unsigned가 일치하지 않습니다.
c:\users\dydwo\desktop\maptool\player.cpp(86): warning C4018: '<': signed 또는 unsigned가 일치하지 않습니다.
c:\users\dydwo\desktop\maptool\player.cpp(108): warning C4018: '<': signed 또는 unsigned가 일치하지 않습니다.
c:\users\dydwo\desktop\maptool\player.cpp(114): warning C4018: '<': signed 또는 unsigned가 일치하지 않습니다.
c:\users\dydwo\desktop\maptool\player.cpp(123): warning C4018: '<': signed 또는 unsigned가 일치하지 않습니다.
c:\users\dydwo\desktop\maptool\player.cpp(129): warning C4018: '<': signed 또는 unsigned가 일치하지 않습니다.
c:\users\dydwo\desktop\maptool\player.cpp(153): warning C4244: '=': 'float'에서 'LONG'(으)로 변환하면서 데이터가 손실될 수 있습니다.
c:\users\dydwo\desktop\maptool\player.cpp(154): warning C4244: '=': 'float'에서 'LONG'(으)로 변환하면서 데이터가 손실될 수 있습니다.
c:\users\dydwo\desktop\maptool\player.cpp(179): warning C4018: '<': signed 또는 unsigned가 일치하지 않습니다.
c:\users\dydwo\desktop\maptool\player.cpp(185): warning C4244: '인수': 'float'에서 'int'(으)로 변환하면서 데이터가 손실될 수 있습니다.
c:\users\dydwo\desktop\maptool\player.cpp(209): warning C4018: '<': signed 또는 unsigned가 일치하지 않습니다.
c:\users\dydwo\desktop\maptool\player.cpp(215): warning C4244: '인수': 'float'에서 'int'(으)로 변환하면서 데이터가 손실될 수 있습니다.
c:\users\dydwo\desktop\maptool\player.cpp(238): warning C4018: '<': signed 또는 unsigned가 일치하지 않습니다.
c:\users\dydwo\desktop\maptool\player.cpp(244): warning C4244: '인수': 'float'에서 'int'(으)로 변환하면서 데이터가 손실될 수 있습니다.
c:\users\dydwo\desktop\maptool\player.cpp(268): warning C4018: '<': signed 또는 unsigned가 일치하지 않습니다.
c:\users\dydwo\desktop\maptool\player.cpp(274): warning C4244: '인수': 'float'에서 'int'(으)로 변환하면서 데이터가 손실될 수 있습니다.
c:\users\dydwo\desktop\maptool\player.cpp(296): warning C4018: '<': signed 또는 unsigned가 일치하지 않습니다.
c:\users\dydwo\desktop\maptool\player.cpp(302): warning C4244: '인수': 'float'에서 'int'(으)로 변환하면서 데이터가 손실될 수 있습니다.
c:\users\dydwo\desktop\maptool\player.cpp(324): warning C4018: '<': signed 또는 unsigned가 일치하지 않습니다.
c:\users\dydwo\desktop\maptool\player.cpp(330): warning C4244: '인수': 'float'에서 'int'(으)로 변환하면서 데이터가 손실될 수 있습니다.
c:\users\dydwo\desktop\maptool\player.cpp(364): warning C4018: '<': signed 또는 unsigned가 일치하지 않습니다.
c:\users\dydwo\desktop\maptool\player.cpp(376): warning C4018: '<': signed 또는 unsigned가 일치하지 않습니다.
c:\users\dydwo\desktop\maptool\player.cpp(443): warning C4018: '<': signed 또는 unsigned가 일치하지 않습니다.
c:\users\dydwo\desktop\maptool\player.cpp(449): warning C4244: '인수': 'float'에서 'int'(으)로 변환하면서 데이터가 손실될 수 있습니다.
c:\users\dydwo\desktop\maptool\player.cpp(473): warning C4018: '<': signed 또는 unsigned가 일치하지 않습니다.
c:\users\dydwo\desktop\maptool\player.cpp(479): warning C4244: '인수': 'float'에서 'int'(으)로 변환하면서 데이터가 손실될 수 있습니다.
c:\users\dydwo\desktop\maptool\player.cpp(502): warning C4018: '<': signed 또는 unsigned가 일치하지 않습니다.
c:\users\dydwo\desktop\maptool\player.cpp(508): warning C4244: '인수': 'float'에서 'int'(으)로 변환하면서 데이터가 손실될 수 있습니다.
c:\users\dydwo\desktop\maptool\player.cpp(532): warning C4018: '<': signed 또는 unsigned가 일치하지 않습니다.
c:\users\dydwo\desktop\maptool\player.cpp(538): warning C4244: '인수': 'float'에서 'int'(으)로 변환하면서 데이터가 손실될 수 있습니다.
c:\users\dydwo\desktop\maptool\player.cpp(561): warning C4018: '<': signed 또는 unsigned가 일치하지 않습니다.
c:\users\dydwo\desktop\maptool\player.cpp(567): warning C4244: '인수': 'float'에서 'int'(으)로 변환하면서 데이터가 손실될 수 있습니다.
c:\users\dydwo\desktop\maptool\player.cpp(590): warning C4018: '<': signed 또는 unsigned가 일치하지 않습니다.
c:\users\dydwo\desktop\maptool\player.cpp(596): warning C4244: '인수': 'float'에서 'int'(으)로 변환하면서 데이터가 손실될 수 있습니다.
c:\users\dydwo\desktop\maptool\player.cpp(629): warning C4018: '<': signed 또는 unsigned가 일치하지 않습니다.
c:\users\dydwo\desktop\maptool\player.cpp(641): warning C4018: '<': signed 또는 unsigned가 일치하지 않습니다.
c:\users\dydwo\desktop\maptool\player.cpp(706): warning C4018: '<': signed 또는 unsigned가 일치하지 않습니다.
c:\users\dydwo\desktop\maptool\player.cpp(712): warning C4244: '인수': 'float'에서 'int'(으)로 변환하면서 데이터가 손실될 수 있습니다.
c:\users\dydwo\desktop\maptool\player.cpp(736): warning C4018: '<': signed 또는 unsigned가 일치하지 않습니다.
c:\users\dydwo\desktop\maptool\player.cpp(742): warning C4244: '인수': 'float'에서 'int'(으)로 변환하면서 데이터가 손실될 수 있습니다.
c:\users\dydwo\desktop\maptool\player.cpp(765): warning C4018: '<': signed 또는 unsigned가 일치하지 않습니다.
c:\users\dydwo\desktop\maptool\player.cpp(771): warning C4244: '인수': 'float'에서 'int'(으)로 변환하면서 데이터가 손실될 수 있습니다.
c:\users\dydwo\desktop\maptool\player.cpp(795): warning C4018: '<': signed 또는 unsigned가 일치하지 않습니다.
c:\users\dydwo\desktop\maptool\player.cpp(801): warning C4244: '인수': 'float'에서 'int'(으)로 변환하면서 데이터가 손실될 수 있습니다.
c:\users\dydwo\desktop\maptool\player.cpp(824): warning C4018: '<': signed 또는 unsigned가 일치하지 않습니다.
c:\users\dydwo\desktop\maptool\player.cpp(830): warning C4244: '인수': 'float'에서 'int'(으)로 변환하면서 데이터가 손실될 수 있습니다.
c:\users\dydwo\desktop\maptool\player.cpp(853): warning C4018: '<': signed 또는 unsigned가 일치하지 않습니다.
c:\users\dydwo\desktop\maptool\player.cpp(859): warning C4244: '인수': 'float'에서 'int'(으)로 변환하면서 데이터가 손실될 수 있습니다.
c:\users\dydwo\desktop\maptool\player.cpp(892): warning C4018: '<': signed 또는 unsigned가 일치하지 않습니다.
c:\users\dydwo\desktop\maptool\player.cpp(904): warning C4018: '<': signed 또는 unsigned가 일치하지 않습니다.
c:\users\dydwo\desktop\maptool\player.cpp(969): warning C4018: '<': signed 또는 unsigned가 일치하지 않습니다.
c:\users\dydwo\desktop\maptool\player.cpp(975): warning C4244: '인수': 'float'에서 'int'(으)로 변환하면서 데이터가 손실될 수 있습니다.
c:\users\dydwo\desktop\maptool\player.cpp(999): warning C4018: '<': signed 또는 unsigned가 일치하지 않습니다.
c:\users\dydwo\desktop\maptool\player.cpp(1005): warning C4244: '인수': 'float'에서 'int'(으)로 변환하면서 데이터가 손실될 수 있습니다.
c:\users\dydwo\desktop\maptool\player.cpp(1028): warning C4018: '<': signed 또는 unsigned가 일치하지 않습니다.
c:\users\dydwo\desktop\maptool\player.cpp(1034): warning C4244: '인수': 'float'에서 'int'(으)로 변환하면서 데이터가 손실될 수 있습니다.
c:\users\dydwo\desktop\maptool\player.cpp(1058): warning C4018: '<': signed 또는 unsigned가 일치하지 않습니다.
c:\users\dydwo\desktop\maptool\player.cpp(1064): warning C4244: '인수': 'float'에서 'int'(으)로 변환하면서 데이터가 손실될 수 있습니다.
c:\users\dydwo\desktop\maptool\player.cpp(1087): warning C4018: '<': signed 또는 unsigned가 일치하지 않습니다.
c:\users\dydwo\desktop\maptool\player.cpp(1093): warning C4244: '인수': 'float'에서 'int'(으)로 변환하면서 데이터가 손실될 수 있습니다.
c:\users\dydwo\desktop\maptool\player.cpp(1116): warning C4018: '<': signed 또는 unsigned가 일치하지 않습니다.
c:\users\dydwo\desktop\maptool\player.cpp(1122): warning C4244: '인수': 'float'에서 'int'(으)로 변환하면서 데이터가 손실될 수 있습니다.
c:\users\dydwo\desktop\maptool\player.cpp(1155): warning C4018: '<': signed 또는 unsigned가 일치하지 않습니다.
c:\users\dydwo\desktop\maptool\player.cpp(1167): warning C4018: '<': signed 또는 unsigned가 일치하지 않습니다.
  loadingScene.cpp
c:\users\dydwo\desktop\maptool\loadingscene.cpp(51): warning C4244: '인수': 'float'에서 'int'(으)로 변환하면서 데이터가 손실될 수 있습니다.
  armor.cpp
c:\users\dydwo\desktop\maptool\armor.cpp(12): warning C4244: '인수': 'float'에서 'int'(으)로 변환하면서 데이터가 손실될 수 있습니다.
c:\users\dydwo\desktop\maptool\armor.cpp(31): warning C4244: '인수': 'float'에서 'int'(으)로 변환하면서 데이터가 손실될 수 있습니다.
c:\users\dydwo\desktop\maptool\armor.cpp(38): warning C4244: '인수': 'float'에서 'int'(으)로 변환하면서 데이터가 손실될 수 있습니다.
c:\users\dydwo\desktop\maptool\armor.cpp(83): warning C4244: '인수': 'float'에서 'int'(으)로 변환하면서 데이터가 손실될 수 있습니다.
  코드를 생성하고 있습니다...
  WindowAPI.vcxproj -> C:\Users\dydwo\Desktop\maptool\Debug\WindowAPI.exe
